C:\Program Files (x86)\Microsoft Visual Studio\2019\Community\MSBuild\Microsoft\VC\v150\Platforms\Win32\PlatformToolsets\v141_xp\Toolset.targets(39,5): warning MSB8051: Support for targeting Windows XP is deprecated and will not be present in future releases of Visual Studio. Please see https://go.microsoft.com/fwlink/?linkid=2023588 for more information.
C:\Program Files (x86)\Microsoft Visual Studio\2019\Community\MSBuild\Microsoft\VC\v150\Microsoft.CppBuild.targets(377,5): warning MSB8004: Output Directory does not end with a trailing slash.  This build instance will add the slash as it is required to allow proper evaluation of the Output Directory.
C:\Program Files (x86)\Microsoft Visual Studio\2019\Community\MSBuild\Microsoft\VC\v150\Microsoft.CppBuild.targets(391,5): warning MSB8028: The intermediate directory (Release\) contains files shared from another project (ExampleAIModule.vcxproj).  This can lead to incorrect clean and rebuild behavior.
  ExampleAIModule.cpp
C:\BWAPI\Vyrebot\Source\ExampleAIModule.cpp(36): warning C4018: '<': signed/unsigned mismatch
C:\BWAPI\Vyrebot\Source\ExampleAIModule.cpp(254): warning C4244: 'initializing': conversion from 'T' to 'float', possible loss of data
          with
          [
              T=int
          ]
C:\BWAPI\Vyrebot\Source\ExampleAIModule.cpp(255): warning C4244: 'initializing': conversion from 'T' to 'float', possible loss of data
          with
          [
              T=int
          ]
C:\BWAPI\Vyrebot\Source\ExampleAIModule.cpp(259): warning C4244: '=': conversion from 'T' to 'float', possible loss of data
          with
          [
              T=int
          ]
C:\BWAPI\Vyrebot\Source\ExampleAIModule.cpp(260): warning C4244: '=': conversion from 'T' to 'float', possible loss of data
          with
          [
              T=int
          ]
C:\BWAPI\Vyrebot\Source\ExampleAIModule.cpp(323): warning C4018: '<': signed/unsigned mismatch
C:\BWAPI\Vyrebot\Source\ExampleAIModule.cpp(976): warning C4552: '-': result of expression not used
C:\Program Files (x86)\Microsoft Visual Studio\2019\Community\MSBuild\Microsoft\VC\v150\Platforms\Win32\PlatformToolsets\v141_xp\Toolset.targets(39,5): warning MSB8051: Support for targeting Windows XP is deprecated and will not be present in future releases of Visual Studio. Please see https://go.microsoft.com/fwlink/?linkid=2023588 for more information.
     Creating library Release\Vyrebot.lib and object Release\Vyrebot.exp
  Generating code
  1 of 6278 functions (<0.1%) were compiled, the rest were copied from previous compilation.
    0 functions were new in current compilation
    12 functions had inline decision re-evaluated but remain unchanged
  Finished generating code
  ExampleAIModule.vcxproj -> C:\BWAPI\Vyrebot\..\..\Users\nikol\Desktop\Starcraft_1161\bwapi-data\AI\Vyrebot.dll
